<?xml version="1.0" encoding="UTF-8"?>
<testsuite xmlns:xsi="http://www.w3.org/2001/XMLSchema-instance" xsi:noNamespaceSchemaLocation="https://maven.apache.org/surefire/maven-surefire-plugin/xsd/surefire-test-report-3.0.xsd" version="3.0" name="CashierWorkTest" time="0.242" tests="1" errors="0" skipped="0" failures="0">
  <properties>
    <property name="sun.desktop" value="windows"/>
    <property name="awt.toolkit" value="sun.awt.windows.WToolkit"/>
    <property name="java.specification.version" value="12"/>
    <property name="sun.cpu.isalist" value="amd64"/>
    <property name="sun.jnu.encoding" value="MS950"/>
    <property name="java.class.path" value="D:\desktop\code test\medi\CodeTest\target\test-classes;D:\desktop\code test\medi\CodeTest\target\classes;C:\Users\Jordan\.m2\repository\com\opencsv\opencsv\5.3\opencsv-5.3.jar;C:\Users\Jordan\.m2\repository\org\apache\commons\commons-lang3\3.11\commons-lang3-3.11.jar;C:\Users\Jordan\.m2\repository\org\apache\commons\commons-text\1.9\commons-text-1.9.jar;C:\Users\Jordan\.m2\repository\commons-beanutils\commons-beanutils\1.9.4\commons-beanutils-1.9.4.jar;C:\Users\Jordan\.m2\repository\commons-logging\commons-logging\1.2\commons-logging-1.2.jar;C:\Users\Jordan\.m2\repository\commons-collections\commons-collections\3.2.2\commons-collections-3.2.2.jar;C:\Users\Jordan\.m2\repository\org\apache\commons\commons-collections4\4.4\commons-collections4-4.4.jar;C:\Users\Jordan\.m2\repository\com\googlecode\json-simple\json-simple\1.1.1\json-simple-1.1.1.jar;C:\Users\Jordan\.m2\repository\junit\junit\4.10\junit-4.10.jar;C:\Users\Jordan\.m2\repository\org\hamcrest\hamcrest-core\1.1\hamcrest-core-1.1.jar;C:\Users\Jordan\.m2\repository\org\jetbrains\annotations\16.0.1\annotations-16.0.1.jar;"/>
    <property name="java.vm.vendor" value="Oracle Corporation"/>
    <property name="sun.arch.data.model" value="64"/>
    <property name="user.variant" value=""/>
    <property name="java.vendor.url" value="https://java.oracle.com/"/>
    <property name="user.timezone" value="Asia/Hong_Kong"/>
    <property name="os.name" value="Windows 10"/>
    <property name="java.vm.specification.version" value="12"/>
    <property name="sun.java.launcher" value="SUN_STANDARD"/>
    <property name="user.country" value="US"/>
    <property name="sun.boot.library.path" value="C:\Program Files\Java\jdk-12.0.2\bin"/>
    <property name="sun.java.command" value="C:\Users\Jordan\AppData\Local\Temp\surefire9846694982995349135\surefirebooter9215268664098877268.jar C:\Users\Jordan\AppData\Local\Temp\surefire9846694982995349135 2021-03-18T18-28-43_759-jvmRun1 surefire13596763649881644198tmp surefire_04487232702736884922tmp"/>
    <property name="jdk.debug" value="release"/>
    <property name="surefire.test.class.path" value="D:\desktop\code test\medi\CodeTest\target\test-classes;D:\desktop\code test\medi\CodeTest\target\classes;C:\Users\Jordan\.m2\repository\com\opencsv\opencsv\5.3\opencsv-5.3.jar;C:\Users\Jordan\.m2\repository\org\apache\commons\commons-lang3\3.11\commons-lang3-3.11.jar;C:\Users\Jordan\.m2\repository\org\apache\commons\commons-text\1.9\commons-text-1.9.jar;C:\Users\Jordan\.m2\repository\commons-beanutils\commons-beanutils\1.9.4\commons-beanutils-1.9.4.jar;C:\Users\Jordan\.m2\repository\commons-logging\commons-logging\1.2\commons-logging-1.2.jar;C:\Users\Jordan\.m2\repository\commons-collections\commons-collections\3.2.2\commons-collections-3.2.2.jar;C:\Users\Jordan\.m2\repository\org\apache\commons\commons-collections4\4.4\commons-collections4-4.4.jar;C:\Users\Jordan\.m2\repository\com\googlecode\json-simple\json-simple\1.1.1\json-simple-1.1.1.jar;C:\Users\Jordan\.m2\repository\junit\junit\4.10\junit-4.10.jar;C:\Users\Jordan\.m2\repository\org\hamcrest\hamcrest-core\1.1\hamcrest-core-1.1.jar;C:\Users\Jordan\.m2\repository\org\jetbrains\annotations\16.0.1\annotations-16.0.1.jar;"/>
    <property name="sun.cpu.endian" value="little"/>
    <property name="user.home" value="C:\Users\Jordan"/>
    <property name="user.language" value="en"/>
    <property name="java.specification.vendor" value="Oracle Corporation"/>
    <property name="java.version.date" value="2019-07-16"/>
    <property name="java.home" value="C:\Program Files\Java\jdk-12.0.2"/>
    <property name="file.separator" value="\"/>
    <property name="basedir" value="D:\desktop\code test\medi\CodeTest"/>
    <property name="java.vm.compressedOopsMode" value="32-bit"/>
    <property name="line.separator" value="&#10;"/>
    <property name="java.vm.specification.vendor" value="Oracle Corporation"/>
    <property name="java.specification.name" value="Java Platform API Specification"/>
    <property name="java.awt.graphicsenv" value="sun.awt.Win32GraphicsEnvironment"/>
    <property name="surefire.real.class.path" value="C:\Users\Jordan\AppData\Local\Temp\surefire9846694982995349135\surefirebooter9215268664098877268.jar"/>
    <property name="user.script" value=""/>
    <property name="sun.management.compiler" value="HotSpot 64-Bit Tiered Compilers"/>
    <property name="java.runtime.version" value="12.0.2+10"/>
    <property name="user.name" value="Jordan"/>
    <property name="path.separator" value=";"/>
    <property name="os.version" value="10.0"/>
    <property name="java.runtime.name" value="Java(TM) SE Runtime Environment"/>
    <property name="file.encoding" value="Cp1252"/>
    <property name="java.vm.name" value="Java HotSpot(TM) 64-Bit Server VM"/>
    <property name="localRepository" value="C:\Users\Jordan\.m2\repository"/>
    <property name="java.vendor.url.bug" value="https://bugreport.java.com/bugreport/"/>
    <property name="java.io.tmpdir" value="C:\Users\Jordan\AppData\Local\Temp\"/>
    <property name="java.version" value="12.0.2"/>
    <property name="user.dir" value="D:\desktop\code test\medi\CodeTest"/>
    <property name="os.arch" value="amd64"/>
    <property name="java.vm.specification.name" value="Java Virtual Machine Specification"/>
    <property name="sun.os.patch.level" value=""/>
    <property name="java.library.path" value="C:\Program Files\Java\jdk-12.0.2\bin;C:\windows\Sun\Java\bin;C:\windows\system32;C:\windows;C:\app\client\Jordan\product\18.0.0\client_2;C:\app\client\Jordan\product\18.0.0\client_2\bin;C:\app\client\Jordan\product\18.0.0\client_1;C:\app\client\Jordan\product\18.0.0\client_1\bin;C:\Program Files\Java\jdk-12.0.2\bin;C:\Program Files (x86)\Common Files\Oracle\Java\javapath;C:\windows\system32;C:\windows;C:\windows\System32\Wbem;C:\windows\System32\WindowsPowerShell\v1.0\;C:\windows\System32\OpenSSH\;C:\Program Files\chromedriver_win32;C:\Program Files\Git\cmd;D:\cmder\bin;C:\Users\Jordan\AppData\Roaming\Python\Python38\Scripts;C:\Program Files\javafx-sdk-11.0.2\lib;C:\Users\Jordan\AppData\Local\Programs\Python\Python38-32;C:\Users\Jordan\AppData\Local\Programs\Python\Python38-32\Scripts;E:\softwere\eclipse-4.6.2\Eclipse\MinGW\bin;C:\Program Files\nodejs\;D:\download\mongodb-shell-windows-x86_64-4.4.0\mongodb-win32-x86_64-windows-4.4.0\bin;D:\download\platform-tools_r30.0.4-windows\platform-tools;D:\download\apache-maven-3.6.3-bin\apache-maven-3.6.3\bin;C:\Users\Jordan\anaconda3;C:\Users\Jordan\anaconda3\Library\mingw-w64\bin;C:\Users\Jordan\anaconda3\Library\usr\bin;C:\Users\Jordan\anaconda3\Library\bin;C:\Users\Jordan\anaconda3\Scripts;C:\Program Files\Java\jdk-12.0.2\bin;C:\Users\Jordan\AppData\Local\Microsoft\WindowsApps;C:\Program Files\chromedriver_win32;D:\cmder\bin;C:\Program Files\JetBrains\PyCharm Community Edition 2019.3.3\bin;C:\Program Files (x86)\SSH Communications Security\SSH Secure Shell;C:\Program Files\javafx-sdk-11.0.2\lib;C:\Users\Jordan\AppData\Local\Programs\Python\Python38-32;C:\Users\Jordan\AppData\Local\Programs\Python\Python38-32\Scripts;C:\Program Files\JetBrains\IntelliJ IDEA 2020.1.1\bin;C:\Users\Jordan\AppData\Local\atom\bin;C:\Users\Jordan\AppData\Roaming\npm;C:\Users\Jordan\AppData\Local\Programs\Microsoft VS Code\bin;D:\download\mongodb-shell-windows-x86_64-4.4.0\mongodb-win32-x86_64-windows-4.4.0\bin;D:\download\platform-tools_r30.0.4-windows\platform-tools;C:\Users\Jordan\AppData\Local\GitHubDesktop\bin;C:\Users\Jordan\AppData\Local\Microsoft\WindowsApps;D:\download\apache-maven-3.6.3-bin\apache-maven-3.6.3\bin;."/>
    <property name="java.vm.info" value="mixed mode, sharing"/>
    <property name="java.vendor" value="Oracle Corporation"/>
    <property name="java.vm.version" value="12.0.2+10"/>
    <property name="sun.io.unicode.encoding" value="UnicodeLittle"/>
    <property name="java.class.version" value="56.0"/>
  </properties>
  <testcase name="addProductsTest" classname="CashierWorkTest" time="0.093"/>
</testsuite>